{"C:\\Users\\hp\\OneDrive\\Dokumen\\Desktop\\13-july\\frontend-testing-jest\\src\\App.jsx": {"path":"C:\\Users\\hp\\OneDrive\\Dokumen\\Desktop\\13-july\\frontend-testing-jest\\src\\App.jsx","statementMap":{"0":{"start":{"line":11,"column":12},"end":{"line":172,"column":1}},"1":{"start":{"line":12,"column":28},"end":{"line":12,"column":40}},"2":{"start":{"line":13,"column":32},"end":{"line":13,"column":46}},"3":{"start":{"line":14,"column":46},"end":{"line":14,"column":60}},"4":{"start":{"line":15,"column":42},"end":{"line":15,"column":56}},"5":{"start":{"line":16,"column":26},"end":{"line":16,"column":40}},"6":{"start":{"line":17,"column":42},"end":{"line":17,"column":57}},"7":{"start":{"line":18,"column":22},"end":{"line":18,"column":30}},"8":{"start":{"line":20,"column":2},"end":{"line":28,"column":13}},"9":{"start":{"line":21,"column":4},"end":{"line":27,"column":5}},"10":{"start":{"line":22,"column":6},"end":{"line":24,"column":9}},"11":{"start":{"line":23,"column":8},"end":{"line":23,"column":31}},"12":{"start":{"line":26,"column":6},"end":{"line":26,"column":19}},"13":{"start":{"line":30,"column":2},"end":{"line":37,"column":9}},"14":{"start":{"line":31,"column":27},"end":{"line":31,"column":75}},"15":{"start":{"line":32,"column":4},"end":{"line":36,"column":5}},"16":{"start":{"line":33,"column":19},"end":{"line":33,"column":45}},"17":{"start":{"line":34,"column":6},"end":{"line":34,"column":20}},"18":{"start":{"line":35,"column":6},"end":{"line":35,"column":39}},"19":{"start":{"line":39,"column":18},"end":{"line":54,"column":3}},"20":{"start":{"line":40,"column":4},"end":{"line":53,"column":5}},"21":{"start":{"line":41,"column":6},"end":{"line":41,"column":45}},"22":{"start":{"line":42,"column":27},"end":{"line":42,"column":63}},"23":{"start":{"line":43,"column":6},"end":{"line":43,"column":43}},"24":{"start":{"line":44,"column":6},"end":{"line":44,"column":42}},"25":{"start":{"line":45,"column":6},"end":{"line":47,"column":15}},"26":{"start":{"line":46,"column":8},"end":{"line":46,"column":32}},"27":{"start":{"line":49,"column":6},"end":{"line":49,"column":44}},"28":{"start":{"line":50,"column":6},"end":{"line":52,"column":15}},"29":{"start":{"line":51,"column":8},"end":{"line":51,"column":30}},"30":{"start":{"line":56,"column":29},"end":{"line":75,"column":3}},"31":{"start":{"line":57,"column":17},"end":{"line":57,"column":45}},"32":{"start":{"line":57,"column":33},"end":{"line":57,"column":44}},"33":{"start":{"line":58,"column":24},"end":{"line":58,"column":61}},"34":{"start":{"line":60,"column":4},"end":{"line":74,"column":5}},"35":{"start":{"line":61,"column":27},"end":{"line":61,"column":68}},"36":{"start":{"line":62,"column":6},"end":{"line":62,"column":74}},"37":{"start":{"line":62,"column":34},"end":{"line":62,"column":70}},"38":{"start":{"line":63,"column":6},"end":{"line":65,"column":8}},"39":{"start":{"line":66,"column":6},"end":{"line":68,"column":15}},"40":{"start":{"line":67,"column":8},"end":{"line":67,"column":32}},"41":{"start":{"line":70,"column":6},"end":{"line":70,"column":29}},"42":{"start":{"line":71,"column":6},"end":{"line":73,"column":15}},"43":{"start":{"line":72,"column":8},"end":{"line":72,"column":30}},"44":{"start":{"line":77,"column":23},"end":{"line":94,"column":3}},"45":{"start":{"line":78,"column":24},"end":{"line":78,"column":58}},"46":{"start":{"line":78,"column":43},"end":{"line":78,"column":57}},"47":{"start":{"line":79,"column":4},"end":{"line":93,"column":5}},"48":{"start":{"line":80,"column":6},"end":{"line":92,"column":7}},"49":{"start":{"line":81,"column":8},"end":{"line":81,"column":37}},"50":{"start":{"line":82,"column":8},"end":{"line":82,"column":55}},"51":{"start":{"line":82,"column":38},"end":{"line":82,"column":52}},"52":{"start":{"line":83,"column":8},"end":{"line":83,"column":56}},"53":{"start":{"line":84,"column":8},"end":{"line":86,"column":17}},"54":{"start":{"line":85,"column":10},"end":{"line":85,"column":34}},"55":{"start":{"line":88,"column":8},"end":{"line":88,"column":31}},"56":{"start":{"line":89,"column":8},"end":{"line":91,"column":17}},"57":{"start":{"line":90,"column":10},"end":{"line":90,"column":32}},"58":{"start":{"line":96,"column":22},"end":{"line":108,"column":3}},"59":{"start":{"line":97,"column":4},"end":{"line":107,"column":5}},"60":{"start":{"line":98,"column":19},"end":{"line":98,"column":55}},"61":{"start":{"line":99,"column":6},"end":{"line":99,"column":77}},"62":{"start":{"line":100,"column":6},"end":{"line":100,"column":39}},"63":{"start":{"line":101,"column":6},"end":{"line":101,"column":20}},"64":{"start":{"line":103,"column":6},"end":{"line":103,"column":43}},"65":{"start":{"line":104,"column":6},"end":{"line":106,"column":15}},"66":{"start":{"line":105,"column":8},"end":{"line":105,"column":30}},"67":{"start":{"line":110,"column":23},"end":{"line":113,"column":3}},"68":{"start":{"line":111,"column":4},"end":{"line":111,"column":56}},"69":{"start":{"line":112,"column":4},"end":{"line":112,"column":18}},"70":{"start":{"line":115,"column":22},"end":{"line":115,"column":76}},"71":{"start":{"line":115,"column":61},"end":{"line":115,"column":75}},"72":{"start":{"line":117,"column":20},"end":{"line":132,"column":3}},"73":{"start":{"line":118,"column":28},"end":{"line":118,"column":65}},"74":{"start":{"line":119,"column":28},"end":{"line":119,"column":65}},"75":{"start":{"line":121,"column":4},"end":{"line":131,"column":6}},"76":{"start":{"line":124,"column":33},"end":{"line":124,"column":54}},"77":{"start":{"line":128,"column":33},"end":{"line":128,"column":55}},"78":{"start":{"line":134,"column":2},"end":{"line":171,"column":4}},"79":{"start":{"line":150,"column":35},"end":{"line":150,"column":55}},"80":{"start":{"line":160,"column":10},"end":{"line":165,"column":12}},"81":{"start":{"line":163,"column":36},"end":{"line":163,"column":63}},"82":{"start":{"line":164,"column":28},"end":{"line":164,"column":49}}},"fnMap":{"0":{"name":"(anonymous_0)","decl":{"start":{"line":11,"column":12},"end":{"line":11,"column":13}},"loc":{"start":{"line":11,"column":18},"end":{"line":172,"column":1}},"line":11},"1":{"name":"(anonymous_1)","decl":{"start":{"line":20,"column":12},"end":{"line":20,"column":13}},"loc":{"start":{"line":20,"column":18},"end":{"line":28,"column":3}},"line":20},"2":{"name":"(anonymous_2)","decl":{"start":{"line":22,"column":32},"end":{"line":22,"column":33}},"loc":{"start":{"line":22,"column":48},"end":{"line":24,"column":7}},"line":22},"3":{"name":"(anonymous_3)","decl":{"start":{"line":30,"column":12},"end":{"line":30,"column":13}},"loc":{"start":{"line":30,"column":18},"end":{"line":37,"column":3}},"line":30},"4":{"name":"(anonymous_4)","decl":{"start":{"line":39,"column":18},"end":{"line":39,"column":19}},"loc":{"start":{"line":39,"column":38},"end":{"line":54,"column":3}},"line":39},"5":{"name":"(anonymous_5)","decl":{"start":{"line":45,"column":17},"end":{"line":45,"column":18}},"loc":{"start":{"line":45,"column":23},"end":{"line":47,"column":7}},"line":45},"6":{"name":"(anonymous_6)","decl":{"start":{"line":50,"column":17},"end":{"line":50,"column":18}},"loc":{"start":{"line":50,"column":23},"end":{"line":52,"column":7}},"line":50},"7":{"name":"(anonymous_7)","decl":{"start":{"line":56,"column":29},"end":{"line":56,"column":30}},"loc":{"start":{"line":56,"column":41},"end":{"line":75,"column":3}},"line":56},"8":{"name":"(anonymous_8)","decl":{"start":{"line":57,"column":28},"end":{"line":57,"column":29}},"loc":{"start":{"line":57,"column":33},"end":{"line":57,"column":44}},"line":57},"9":{"name":"(anonymous_9)","decl":{"start":{"line":62,"column":25},"end":{"line":62,"column":26}},"loc":{"start":{"line":62,"column":34},"end":{"line":62,"column":70}},"line":62},"10":{"name":"(anonymous_10)","decl":{"start":{"line":66,"column":17},"end":{"line":66,"column":18}},"loc":{"start":{"line":66,"column":23},"end":{"line":68,"column":7}},"line":66},"11":{"name":"(anonymous_11)","decl":{"start":{"line":71,"column":17},"end":{"line":71,"column":18}},"loc":{"start":{"line":71,"column":23},"end":{"line":73,"column":7}},"line":71},"12":{"name":"(anonymous_12)","decl":{"start":{"line":77,"column":23},"end":{"line":77,"column":24}},"loc":{"start":{"line":77,"column":35},"end":{"line":94,"column":3}},"line":77},"13":{"name":"(anonymous_13)","decl":{"start":{"line":78,"column":35},"end":{"line":78,"column":36}},"loc":{"start":{"line":78,"column":43},"end":{"line":78,"column":57}},"line":78},"14":{"name":"(anonymous_14)","decl":{"start":{"line":82,"column":30},"end":{"line":82,"column":31}},"loc":{"start":{"line":82,"column":38},"end":{"line":82,"column":52}},"line":82},"15":{"name":"(anonymous_15)","decl":{"start":{"line":84,"column":19},"end":{"line":84,"column":20}},"loc":{"start":{"line":84,"column":25},"end":{"line":86,"column":9}},"line":84},"16":{"name":"(anonymous_16)","decl":{"start":{"line":89,"column":19},"end":{"line":89,"column":20}},"loc":{"start":{"line":89,"column":25},"end":{"line":91,"column":9}},"line":89},"17":{"name":"(anonymous_17)","decl":{"start":{"line":96,"column":22},"end":{"line":96,"column":23}},"loc":{"start":{"line":96,"column":42},"end":{"line":108,"column":3}},"line":96},"18":{"name":"(anonymous_18)","decl":{"start":{"line":104,"column":17},"end":{"line":104,"column":18}},"loc":{"start":{"line":104,"column":23},"end":{"line":106,"column":7}},"line":104},"19":{"name":"(anonymous_19)","decl":{"start":{"line":110,"column":23},"end":{"line":110,"column":24}},"loc":{"start":{"line":110,"column":29},"end":{"line":113,"column":3}},"line":110},"20":{"name":"(anonymous_20)","decl":{"start":{"line":115,"column":53},"end":{"line":115,"column":54}},"loc":{"start":{"line":115,"column":61},"end":{"line":115,"column":75}},"line":115},"21":{"name":"(anonymous_21)","decl":{"start":{"line":117,"column":20},"end":{"line":117,"column":21}},"loc":{"start":{"line":117,"column":26},"end":{"line":132,"column":3}},"line":117},"22":{"name":"(anonymous_22)","decl":{"start":{"line":124,"column":27},"end":{"line":124,"column":28}},"loc":{"start":{"line":124,"column":33},"end":{"line":124,"column":54}},"line":124},"23":{"name":"(anonymous_23)","decl":{"start":{"line":128,"column":27},"end":{"line":128,"column":28}},"loc":{"start":{"line":128,"column":33},"end":{"line":128,"column":55}},"line":128},"24":{"name":"(anonymous_24)","decl":{"start":{"line":150,"column":29},"end":{"line":150,"column":30}},"loc":{"start":{"line":150,"column":35},"end":{"line":150,"column":55}},"line":150},"25":{"name":"(anonymous_25)","decl":{"start":{"line":159,"column":25},"end":{"line":159,"column":26}},"loc":{"start":{"line":160,"column":10},"end":{"line":165,"column":12}},"line":160},"26":{"name":"(anonymous_26)","decl":{"start":{"line":163,"column":30},"end":{"line":163,"column":31}},"loc":{"start":{"line":163,"column":36},"end":{"line":163,"column":63}},"line":163},"27":{"name":"(anonymous_27)","decl":{"start":{"line":164,"column":22},"end":{"line":164,"column":23}},"loc":{"start":{"line":164,"column":28},"end":{"line":164,"column":49}},"line":164}},"branchMap":{"0":{"loc":{"start":{"line":21,"column":4},"end":{"line":27,"column":5}},"type":"if","locations":[{"start":{"line":21,"column":4},"end":{"line":27,"column":5}},{"start":{"line":25,"column":11},"end":{"line":27,"column":5}}],"line":21},"1":{"loc":{"start":{"line":32,"column":4},"end":{"line":36,"column":5}},"type":"if","locations":[{"start":{"line":32,"column":4},"end":{"line":36,"column":5}},{"start":{},"end":{}}],"line":32},"2":{"loc":{"start":{"line":62,"column":34},"end":{"line":62,"column":70}},"type":"cond-expr","locations":[{"start":{"line":62,"column":51},"end":{"line":62,"column":55}},{"start":{"line":62,"column":58},"end":{"line":62,"column":70}}],"line":62},"3":{"loc":{"start":{"line":79,"column":4},"end":{"line":93,"column":5}},"type":"if","locations":[{"start":{"line":79,"column":4},"end":{"line":93,"column":5}},{"start":{},"end":{}}],"line":79},"4":{"loc":{"start":{"line":115,"column":22},"end":{"line":115,"column":76}},"type":"cond-expr","locations":[{"start":{"line":115,"column":32},"end":{"line":115,"column":37}},{"start":{"line":115,"column":40},"end":{"line":115,"column":76}}],"line":115},"5":{"loc":{"start":{"line":118,"column":38},"end":{"line":118,"column":64}},"type":"cond-expr","locations":[{"start":{"line":118,"column":53},"end":{"line":118,"column":59}},{"start":{"line":118,"column":62},"end":{"line":118,"column":64}}],"line":118},"6":{"loc":{"start":{"line":119,"column":38},"end":{"line":119,"column":64}},"type":"cond-expr","locations":[{"start":{"line":119,"column":53},"end":{"line":119,"column":55}},{"start":{"line":119,"column":58},"end":{"line":119,"column":64}}],"line":119},"7":{"loc":{"start":{"line":141,"column":7},"end":{"line":156,"column":7}},"type":"cond-expr","locations":[{"start":{"line":142,"column":8},"end":{"line":142,"column":19}},{"start":{"line":144,"column":8},"end":{"line":155,"column":14}}],"line":141},"8":{"loc":{"start":{"line":151,"column":20},"end":{"line":151,"column":49}},"type":"cond-expr","locations":[{"start":{"line":151,"column":30},"end":{"line":151,"column":41}},{"start":{"line":151,"column":44},"end":{"line":151,"column":49}}],"line":151}},"s":{"0":0,"1":0,"2":0,"3":0,"4":0,"5":0,"6":0,"7":0,"8":0,"9":0,"10":0,"11":0,"12":0,"13":0,"14":0,"15":0,"16":0,"17":0,"18":0,"19":0,"20":0,"21":0,"22":0,"23":0,"24":0,"25":0,"26":0,"27":0,"28":0,"29":0,"30":0,"31":0,"32":0,"33":0,"34":0,"35":0,"36":0,"37":0,"38":0,"39":0,"40":0,"41":0,"42":0,"43":0,"44":0,"45":0,"46":0,"47":0,"48":0,"49":0,"50":0,"51":0,"52":0,"53":0,"54":0,"55":0,"56":0,"57":0,"58":0,"59":0,"60":0,"61":0,"62":0,"63":0,"64":0,"65":0,"66":0,"67":0,"68":0,"69":0,"70":0,"71":0,"72":0,"73":0,"74":0,"75":0,"76":0,"77":0,"78":0,"79":0,"80":0,"81":0,"82":0},"f":{"0":0,"1":0,"2":0,"3":0,"4":0,"5":0,"6":0,"7":0,"8":0,"9":0,"10":0,"11":0,"12":0,"13":0,"14":0,"15":0,"16":0,"17":0,"18":0,"19":0,"20":0,"21":0,"22":0,"23":0,"24":0,"25":0,"26":0,"27":0},"b":{"0":[0,0],"1":[0,0],"2":[0,0],"3":[0,0],"4":[0,0],"5":[0,0],"6":[0,0],"7":[0,0],"8":[0,0]}}
,"C:\\Users\\hp\\OneDrive\\Dokumen\\Desktop\\13-july\\frontend-testing-jest\\src\\main.jsx": {"path":"C:\\Users\\hp\\OneDrive\\Dokumen\\Desktop\\13-july\\frontend-testing-jest\\src\\main.jsx","statementMap":{"0":{"start":{"line":5,"column":0},"end":{"line":5,"column":68}}},"fnMap":{},"branchMap":{},"s":{"0":0},"f":{},"b":{}}
,"C:\\Users\\hp\\OneDrive\\Dokumen\\Desktop\\13-july\\frontend-testing-jest\\src\\components\\Footer.jsx": {"path":"C:\\Users\\hp\\OneDrive\\Dokumen\\Desktop\\13-july\\frontend-testing-jest\\src\\components\\Footer.jsx","statementMap":{"0":{"start":{"line":1,"column":15},"end":{"line":14,"column":1}},"1":{"start":{"line":2,"column":22},"end":{"line":6,"column":3}},"2":{"start":{"line":8,"column":2},"end":{"line":13,"column":3}}},"fnMap":{"0":{"name":"(anonymous_0)","decl":{"start":{"line":1,"column":15},"end":{"line":1,"column":16}},"loc":{"start":{"line":1,"column":21},"end":{"line":14,"column":1}},"line":1}},"branchMap":{},"s":{"0":0,"1":0,"2":0},"f":{"0":0},"b":{}}
,"C:\\Users\\hp\\OneDrive\\Dokumen\\Desktop\\13-july\\frontend-testing-jest\\src\\components\\LoginForm.jsx": {"path":"C:\\Users\\hp\\OneDrive\\Dokumen\\Desktop\\13-july\\frontend-testing-jest\\src\\components\\LoginForm.jsx","statementMap":{"0":{"start":{"line":4,"column":18},"end":{"line":46,"column":1}},"1":{"start":{"line":5,"column":34},"end":{"line":5,"column":46}},"2":{"start":{"line":6,"column":34},"end":{"line":6,"column":46}},"3":{"start":{"line":8,"column":22},"end":{"line":21,"column":3}},"4":{"start":{"line":9,"column":4},"end":{"line":20,"column":5}},"5":{"start":{"line":10,"column":6},"end":{"line":10,"column":29}},"6":{"start":{"line":11,"column":6},"end":{"line":14,"column":9}},"7":{"start":{"line":16,"column":6},"end":{"line":16,"column":22}},"8":{"start":{"line":17,"column":6},"end":{"line":17,"column":22}},"9":{"start":{"line":19,"column":6},"end":{"line":19,"column":25}},"10":{"start":{"line":23,"column":2},"end":{"line":45,"column":4}},"11":{"start":{"line":31,"column":34},"end":{"line":31,"column":59}},"12":{"start":{"line":40,"column":34},"end":{"line":40,"column":59}},"13":{"start":{"line":48,"column":0},"end":{"line":50,"column":2}}},"fnMap":{"0":{"name":"(anonymous_0)","decl":{"start":{"line":4,"column":18},"end":{"line":4,"column":19}},"loc":{"start":{"line":4,"column":37},"end":{"line":46,"column":1}},"line":4},"1":{"name":"(anonymous_1)","decl":{"start":{"line":8,"column":22},"end":{"line":8,"column":23}},"loc":{"start":{"line":8,"column":37},"end":{"line":21,"column":3}},"line":8},"2":{"name":"(anonymous_2)","decl":{"start":{"line":31,"column":20},"end":{"line":31,"column":21}},"loc":{"start":{"line":31,"column":34},"end":{"line":31,"column":59}},"line":31},"3":{"name":"(anonymous_3)","decl":{"start":{"line":40,"column":20},"end":{"line":40,"column":21}},"loc":{"start":{"line":40,"column":34},"end":{"line":40,"column":59}},"line":40}},"branchMap":{},"s":{"0":0,"1":0,"2":0,"3":0,"4":0,"5":0,"6":0,"7":0,"8":0,"9":0,"10":0,"11":0,"12":0,"13":0},"f":{"0":0,"1":0,"2":0,"3":0},"b":{}}
,"C:\\Users\\hp\\OneDrive\\Dokumen\\Desktop\\13-july\\frontend-testing-jest\\src\\components\\Note.jsx": {"path":"C:\\Users\\hp\\OneDrive\\Dokumen\\Desktop\\13-july\\frontend-testing-jest\\src\\components\\Note.jsx","statementMap":{"0":{"start":{"line":1,"column":13},"end":{"line":11,"column":1}},"1":{"start":{"line":2,"column":16},"end":{"line":2,"column":72}},"2":{"start":{"line":4,"column":2},"end":{"line":10,"column":4}}},"fnMap":{"0":{"name":"(anonymous_0)","decl":{"start":{"line":1,"column":13},"end":{"line":1,"column":14}},"loc":{"start":{"line":1,"column":53},"end":{"line":11,"column":1}},"line":1}},"branchMap":{"0":{"loc":{"start":{"line":2,"column":16},"end":{"line":2,"column":72}},"type":"cond-expr","locations":[{"start":{"line":2,"column":33},"end":{"line":2,"column":53}},{"start":{"line":2,"column":56},"end":{"line":2,"column":72}}],"line":2}},"s":{"0":1,"1":3,"2":3},"f":{"0":3},"b":{"0":[3,0]},"_coverageSchema":"1a1c01bbd47fc00a2c39e90264f33305004495a9","hash":"d3fd615a8f54ca3923799d6051a89cb2448df3dc"}
,"C:\\Users\\hp\\OneDrive\\Dokumen\\Desktop\\13-july\\frontend-testing-jest\\src\\components\\NoteForm.jsx": {"path":"C:\\Users\\hp\\OneDrive\\Dokumen\\Desktop\\13-july\\frontend-testing-jest\\src\\components\\NoteForm.jsx","statementMap":{"0":{"start":{"line":3,"column":17},"end":{"line":38,"column":1}},"1":{"start":{"line":4,"column":32},"end":{"line":4,"column":44}},"2":{"start":{"line":6,"column":27},"end":{"line":8,"column":3}},"3":{"start":{"line":7,"column":4},"end":{"line":7,"column":35}},"4":{"start":{"line":10,"column":18},"end":{"line":23,"column":3}},"5":{"start":{"line":11,"column":4},"end":{"line":22,"column":5}},"6":{"start":{"line":12,"column":6},"end":{"line":12,"column":29}},"7":{"start":{"line":13,"column":6},"end":{"line":17,"column":9}},"8":{"start":{"line":19,"column":6},"end":{"line":19,"column":21}},"9":{"start":{"line":21,"column":6},"end":{"line":21,"column":25}},"10":{"start":{"line":25,"column":2},"end":{"line":37,"column":4}}},"fnMap":{"0":{"name":"(anonymous_0)","decl":{"start":{"line":3,"column":17},"end":{"line":3,"column":18}},"loc":{"start":{"line":3,"column":41},"end":{"line":38,"column":1}},"line":3},"1":{"name":"(anonymous_1)","decl":{"start":{"line":6,"column":27},"end":{"line":6,"column":28}},"loc":{"start":{"line":6,"column":36},"end":{"line":8,"column":3}},"line":6},"2":{"name":"(anonymous_2)","decl":{"start":{"line":10,"column":18},"end":{"line":10,"column":19}},"loc":{"start":{"line":10,"column":33},"end":{"line":23,"column":3}},"line":10}},"branchMap":{},"s":{"0":1,"1":19,"2":19,"3":17,"4":19,"5":1,"6":1,"7":1,"8":1,"9":0,"10":19},"f":{"0":19,"1":17,"2":1},"b":{},"_coverageSchema":"1a1c01bbd47fc00a2c39e90264f33305004495a9","hash":"a6eb8f675ac7a72ec676ea0ccc09d1b1126b6ae2"}
,"C:\\Users\\hp\\OneDrive\\Dokumen\\Desktop\\13-july\\frontend-testing-jest\\src\\components\\Notification.jsx": {"path":"C:\\Users\\hp\\OneDrive\\Dokumen\\Desktop\\13-july\\frontend-testing-jest\\src\\components\\Notification.jsx","statementMap":{"0":{"start":{"line":3,"column":21},"end":{"line":12,"column":1}},"1":{"start":{"line":4,"column":2},"end":{"line":6,"column":3}},"2":{"start":{"line":5,"column":4},"end":{"line":5,"column":16}},"3":{"start":{"line":8,"column":18},"end":{"line":8,"column":48}},"4":{"start":{"line":9,"column":20},"end":{"line":9,"column":56}},"5":{"start":{"line":11,"column":2},"end":{"line":11,"column":52}}},"fnMap":{"0":{"name":"(anonymous_0)","decl":{"start":{"line":3,"column":21},"end":{"line":3,"column":22}},"loc":{"start":{"line":3,"column":57},"end":{"line":12,"column":1}},"line":3}},"branchMap":{"0":{"loc":{"start":{"line":4,"column":2},"end":{"line":6,"column":3}},"type":"if","locations":[{"start":{"line":4,"column":2},"end":{"line":6,"column":3}},{"start":{},"end":{}}],"line":4},"1":{"loc":{"start":{"line":4,"column":6},"end":{"line":4,"column":38}},"type":"binary-expr","locations":[{"start":{"line":4,"column":6},"end":{"line":4,"column":21}},{"start":{"line":4,"column":25},"end":{"line":4,"column":38}}],"line":4},"2":{"loc":{"start":{"line":8,"column":18},"end":{"line":8,"column":48}},"type":"binary-expr","locations":[{"start":{"line":8,"column":18},"end":{"line":8,"column":32}},{"start":{"line":8,"column":36},"end":{"line":8,"column":48}}],"line":8},"3":{"loc":{"start":{"line":9,"column":20},"end":{"line":9,"column":56}},"type":"cond-expr","locations":[{"start":{"line":9,"column":37},"end":{"line":9,"column":46}},{"start":{"line":9,"column":49},"end":{"line":9,"column":56}}],"line":9}},"s":{"0":0,"1":0,"2":0,"3":0,"4":0,"5":0},"f":{"0":0},"b":{"0":[0,0],"1":[0,0],"2":[0,0],"3":[0,0]}}
,"C:\\Users\\hp\\OneDrive\\Dokumen\\Desktop\\13-july\\frontend-testing-jest\\src\\components\\Togglable.jsx": {"path":"C:\\Users\\hp\\OneDrive\\Dokumen\\Desktop\\13-july\\frontend-testing-jest\\src\\components\\Togglable.jsx","statementMap":{"0":{"start":{"line":4,"column":18},"end":{"line":30,"column":2}},"1":{"start":{"line":5,"column":32},"end":{"line":5,"column":47}},"2":{"start":{"line":6,"column":26},"end":{"line":6,"column":58}},"3":{"start":{"line":7,"column":26},"end":{"line":7,"column":58}},"4":{"start":{"line":9,"column":27},"end":{"line":11,"column":3}},"5":{"start":{"line":10,"column":4},"end":{"line":10,"column":25}},"6":{"start":{"line":13,"column":2},"end":{"line":17,"column":5}},"7":{"start":{"line":14,"column":4},"end":{"line":16,"column":6}},"8":{"start":{"line":19,"column":2},"end":{"line":29,"column":4}},"9":{"start":{"line":32,"column":0},"end":{"line":34,"column":2}},"10":{"start":{"line":36,"column":0},"end":{"line":36,"column":36}}},"fnMap":{"0":{"name":"(anonymous_0)","decl":{"start":{"line":4,"column":29},"end":{"line":4,"column":30}},"loc":{"start":{"line":4,"column":46},"end":{"line":30,"column":1}},"line":4},"1":{"name":"(anonymous_1)","decl":{"start":{"line":9,"column":27},"end":{"line":9,"column":28}},"loc":{"start":{"line":9,"column":33},"end":{"line":11,"column":3}},"line":9},"2":{"name":"(anonymous_2)","decl":{"start":{"line":13,"column":28},"end":{"line":13,"column":29}},"loc":{"start":{"line":13,"column":34},"end":{"line":17,"column":3}},"line":13}},"branchMap":{"0":{"loc":{"start":{"line":6,"column":36},"end":{"line":6,"column":57}},"type":"cond-expr","locations":[{"start":{"line":6,"column":46},"end":{"line":6,"column":52}},{"start":{"line":6,"column":55},"end":{"line":6,"column":57}}],"line":6},"1":{"loc":{"start":{"line":7,"column":36},"end":{"line":7,"column":57}},"type":"cond-expr","locations":[{"start":{"line":7,"column":46},"end":{"line":7,"column":48}},{"start":{"line":7,"column":51},"end":{"line":7,"column":57}}],"line":7}},"s":{"0":1,"1":7,"2":7,"3":7,"4":7,"5":3,"6":7,"7":0,"8":7,"9":1,"10":1},"f":{"0":7,"1":3,"2":0},"b":{"0":[2,5],"1":[2,5]},"_coverageSchema":"1a1c01bbd47fc00a2c39e90264f33305004495a9","hash":"f4e159d9882a5daba94a5624dc0d2fe005f33594"}
,"C:\\Users\\hp\\OneDrive\\Dokumen\\Desktop\\13-july\\frontend-testing-jest\\src\\services\\login.js": {"path":"C:\\Users\\hp\\OneDrive\\Dokumen\\Desktop\\13-july\\frontend-testing-jest\\src\\services\\login.js","statementMap":{"0":{"start":{"line":2,"column":16},"end":{"line":2,"column":49}},"1":{"start":{"line":4,"column":14},"end":{"line":7,"column":1}},"2":{"start":{"line":5,"column":19},"end":{"line":5,"column":57}},"3":{"start":{"line":6,"column":2},"end":{"line":6,"column":23}}},"fnMap":{"0":{"name":"(anonymous_0)","decl":{"start":{"line":4,"column":14},"end":{"line":4,"column":15}},"loc":{"start":{"line":4,"column":35},"end":{"line":7,"column":1}},"line":4}},"branchMap":{},"s":{"0":0,"1":0,"2":0,"3":0},"f":{"0":0},"b":{}}
,"C:\\Users\\hp\\OneDrive\\Dokumen\\Desktop\\13-july\\frontend-testing-jest\\src\\services\\notes.js": {"path":"C:\\Users\\hp\\OneDrive\\Dokumen\\Desktop\\13-july\\frontend-testing-jest\\src\\services\\notes.js","statementMap":{"0":{"start":{"line":2,"column":16},"end":{"line":2,"column":49}},"1":{"start":{"line":4,"column":12},"end":{"line":4,"column":16}},"2":{"start":{"line":6,"column":17},"end":{"line":8,"column":1}},"3":{"start":{"line":7,"column":2},"end":{"line":7,"column":31}},"4":{"start":{"line":10,"column":15},"end":{"line":16,"column":1}},"5":{"start":{"line":11,"column":17},"end":{"line":13,"column":3}},"6":{"start":{"line":14,"column":19},"end":{"line":14,"column":51}},"7":{"start":{"line":15,"column":2},"end":{"line":15,"column":23}},"8":{"start":{"line":18,"column":15},"end":{"line":25,"column":1}},"9":{"start":{"line":19,"column":17},"end":{"line":21,"column":3}},"10":{"start":{"line":23,"column":19},"end":{"line":23,"column":63}},"11":{"start":{"line":24,"column":2},"end":{"line":24,"column":23}},"12":{"start":{"line":27,"column":15},"end":{"line":33,"column":1}},"13":{"start":{"line":28,"column":17},"end":{"line":30,"column":3}},"14":{"start":{"line":31,"column":19},"end":{"line":31,"column":73}},"15":{"start":{"line":32,"column":2},"end":{"line":32,"column":23}},"16":{"start":{"line":35,"column":15},"end":{"line":41,"column":1}},"17":{"start":{"line":36,"column":17},"end":{"line":38,"column":3}},"18":{"start":{"line":39,"column":19},"end":{"line":39,"column":65}},"19":{"start":{"line":40,"column":2},"end":{"line":40,"column":23}}},"fnMap":{"0":{"name":"(anonymous_0)","decl":{"start":{"line":6,"column":17},"end":{"line":6,"column":18}},"loc":{"start":{"line":6,"column":29},"end":{"line":8,"column":1}},"line":6},"1":{"name":"(anonymous_1)","decl":{"start":{"line":10,"column":15},"end":{"line":10,"column":16}},"loc":{"start":{"line":10,"column":27},"end":{"line":16,"column":1}},"line":10},"2":{"name":"(anonymous_2)","decl":{"start":{"line":18,"column":15},"end":{"line":18,"column":16}},"loc":{"start":{"line":18,"column":34},"end":{"line":25,"column":1}},"line":18},"3":{"name":"(anonymous_3)","decl":{"start":{"line":27,"column":15},"end":{"line":27,"column":16}},"loc":{"start":{"line":27,"column":40},"end":{"line":33,"column":1}},"line":27},"4":{"name":"(anonymous_4)","decl":{"start":{"line":35,"column":15},"end":{"line":35,"column":16}},"loc":{"start":{"line":35,"column":27},"end":{"line":41,"column":1}},"line":35}},"branchMap":{},"s":{"0":0,"1":0,"2":0,"3":0,"4":0,"5":0,"6":0,"7":0,"8":0,"9":0,"10":0,"11":0,"12":0,"13":0,"14":0,"15":0,"16":0,"17":0,"18":0,"19":0},"f":{"0":0,"1":0,"2":0,"3":0,"4":0},"b":{}}
}
